0 info it worked if it ends with ok
1 verbose cli [ 'C:\\Program Files\\nodejs\\node.exe',
1 verbose cli   'C:\\Program Files\\nodejs\\node_modules\\npm\\bin\\npm-cli.js',
1 verbose cli   'run',
1 verbose cli   'start' ]
2 info using npm@3.8.6
3 info using node@v6.0.0
4 verbose run-script [ 'prestart', 'start', 'poststart' ]
5 info lifecycle react-voting-server@1.0.0~prestart: react-voting-server@1.0.0
6 silly lifecycle react-voting-server@1.0.0~prestart: no script for prestart, continuing
7 info lifecycle react-voting-server@1.0.0~start: react-voting-server@1.0.0
8 verbose lifecycle react-voting-server@1.0.0~start: unsafe-perm in lifecycle true
9 verbose lifecycle react-voting-server@1.0.0~start: PATH: C:\Program Files\nodejs\node_modules\npm\bin\node-gyp-bin;C:\Users\Caden\Desktop\repositories\react-voting-server\node_modules\.bin;C:\Program Files\nodejs;C:\Users\Caden\bin;C:\Program Files\Git\mingw64\bin;C:\Program Files\Git\usr\local\bin;C:\Program Files\Git\usr\bin;C:\Program Files\Git\usr\bin;C:\Program Files\Git\mingw64\bin;C:\Program Files\Git\usr\bin;C:\Users\Caden\bin;C:\Program Files\ImageMagick-7.0.2-Q16;C:\WINDOWS\system32;C:\WINDOWS;C:\WINDOWS\System32\Wbem;C:\WINDOWS\System32\WindowsPowerShell\v1.0;C:\Program Files (x86)\ATI Technologies\ATI.ACE\Core-Static;C:\Program Files\Git\cmd;C:\Program Files\nodejs;C:\Program Files (x86)\Brackets\command;C:\Users\Caden\AppData\Roaming\npm;C:\Users\Caden\AppData\Local\Microsoft\WindowsApps;C:\Program Files\Git\usr\bin\vendor_perl;C:\Program Files\Git\usr\bin\core_perl
10 verbose lifecycle react-voting-server@1.0.0~start: CWD: C:\Users\Caden\Desktop\repositories\react-voting-server
11 silly lifecycle react-voting-server@1.0.0~start: Args: [ '/d /s /c', 'babel-node index.js' ]
12 silly lifecycle react-voting-server@1.0.0~start: Returned: code: 1  signal: null
13 info lifecycle react-voting-server@1.0.0~start: Failed to exec start script
14 verbose stack Error: react-voting-server@1.0.0 start: `babel-node index.js`
14 verbose stack Exit status 1
14 verbose stack     at EventEmitter.<anonymous> (C:\Program Files\nodejs\node_modules\npm\lib\utils\lifecycle.js:239:16)
14 verbose stack     at emitTwo (events.js:106:13)
14 verbose stack     at EventEmitter.emit (events.js:191:7)
14 verbose stack     at ChildProcess.<anonymous> (C:\Program Files\nodejs\node_modules\npm\lib\utils\spawn.js:24:14)
14 verbose stack     at emitTwo (events.js:106:13)
14 verbose stack     at ChildProcess.emit (events.js:191:7)
14 verbose stack     at maybeClose (internal/child_process.js:850:16)
14 verbose stack     at Process.ChildProcess._handle.onexit (internal/child_process.js:215:5)
15 verbose pkgid react-voting-server@1.0.0
16 verbose cwd C:\Users\Caden\Desktop\repositories\react-voting-server
17 error Windows_NT 10.0.14393
18 error argv "C:\\Program Files\\nodejs\\node.exe" "C:\\Program Files\\nodejs\\node_modules\\npm\\bin\\npm-cli.js" "run" "start"
19 error node v6.0.0
20 error npm  v3.8.6
21 error code ELIFECYCLE
22 error react-voting-server@1.0.0 start: `babel-node index.js`
22 error Exit status 1
23 error Failed at the react-voting-server@1.0.0 start script 'babel-node index.js'.
23 error Make sure you have the latest version of node.js and npm installed.
23 error If you do, this is most likely a problem with the react-voting-server package,
23 error not with npm itself.
23 error Tell the author that this fails on your system:
23 error     babel-node index.js
23 error You can get information on how to open an issue for this project with:
23 error     npm bugs react-voting-server
23 error Or if that isn't available, you can get their info via:
23 error     npm owner ls react-voting-server
23 error There is likely additional logging output above.
24 verbose exit [ 1, true ]
